  problem1.cpp
  소스.cpp
C:\Users\makeu\OneDrive\문서\GitHub\AlgorithmStudy\Project1\problem1.cpp(18,12): error C1075: '{': 일치하는 토큰을 찾을 수 없습니다.
C:\Users\makeu\OneDrive\문서\GitHub\AlgorithmStudy\Project1\소스.cpp(9,9): error C3646: 'name': 알 수 없는 재정의 지정자입니다.
C:\Users\makeu\OneDrive\문서\GitHub\AlgorithmStudy\Project1\소스.cpp(9,2): error C4430: 형식 지정자가 없습니다. int로 가정합니다. 참고: C++에서는 기본 int를 지원하지 않습니다.
C:\Users\makeu\OneDrive\문서\GitHub\AlgorithmStudy\Project1\소스.cpp(17,11): error C2039: 'name': 'Player'의 멤버가 아닙니다.
      C:\Users\makeu\OneDrive\문서\GitHub\AlgorithmStudy\Project1\소스.cpp(7,8):
      'Player' 선언을 참조하십시오.
  
C:\Users\makeu\OneDrive\문서\GitHub\AlgorithmStudy\Project1\소스.cpp(17,20): error C2039: 'name': 'Player'의 멤버가 아닙니다.
      C:\Users\makeu\OneDrive\문서\GitHub\AlgorithmStudy\Project1\소스.cpp(7,8):
      'Player' 선언을 참조하십시오.
  
C:\Users\makeu\OneDrive\문서\GitHub\AlgorithmStudy\Project1\소스.cpp(37,27): error C2440: '초기화 중': 'initializer list'에서 'std::vector<Player,std::allocator<Player>>'(으)로 변환할 수 없습니다.
  소스1.cpp
      C:\Users\makeu\OneDrive\문서\GitHub\AlgorithmStudy\Project1\소스.cpp(37,27):
      'std::vector<Player,std::allocator<Player>>::vector(std::initializer_list<_Ty>,const _Alloc &)': 인수 1을(를) 'initializer list'에서 'std::initializer_list<_Ty>'(으)로 변환할 수 없습니다.
          with
          [
              _Ty=Player,
              _Alloc=std::allocator<Player>
          ]
          and
          [
              _Ty=Player
          ]
          C:\Users\makeu\OneDrive\문서\GitHub\AlgorithmStudy\Project1\소스.cpp(37,27):
          요소 '1': 'initializer list'에서 '_Ty'(으)로 변환되지 않았습니다.
          with
          [
              _Ty=Player
          ]
          C:\Users\makeu\OneDrive\문서\GitHub\AlgorithmStudy\Project1\소스.cpp(37,27):
          요소 '2': 'initializer list'에서 '_Ty'(으)로 변환되지 않았습니다.
          with
          [
              _Ty=Player
          ]
          C:\Users\makeu\OneDrive\문서\GitHub\AlgorithmStudy\Project1\소스.cpp(37,27):
          요소 '3': 'initializer list'에서 '_Ty'(으)로 변환되지 않았습니다.
          with
          [
              _Ty=Player
          ]
          C:\Users\makeu\OneDrive\문서\GitHub\AlgorithmStudy\Project1\소스.cpp(37,27):
          인수 목록 '(initializer list)'을(를) 일치시키는 동안
  
C:\Users\makeu\OneDrive\문서\GitHub\AlgorithmStudy\Project1\소스.cpp(43,12): error C2039: 'name': 'Player'의 멤버가 아닙니다.
      C:\Users\makeu\OneDrive\문서\GitHub\AlgorithmStudy\Project1\소스.cpp(7,8):
      'Player' 선언을 참조하십시오.
  
C:\Users\makeu\OneDrive\문서\GitHub\AlgorithmStudy\Project1\소스.cpp(43,21): error C2039: 'name': 'Player'의 멤버가 아닙니다.
      C:\Users\makeu\OneDrive\문서\GitHub\AlgorithmStudy\Project1\소스.cpp(7,8):
      'Player' 선언을 참조하십시오.
  
C:\Users\makeu\OneDrive\문서\GitHub\AlgorithmStudy\Project1\소스.cpp(54,12): error C2039: 'name': 'Player'의 멤버가 아닙니다.
      C:\Users\makeu\OneDrive\문서\GitHub\AlgorithmStudy\Project1\소스.cpp(7,8):
      'Player' 선언을 참조하십시오.
  
C:\Users\makeu\OneDrive\문서\GitHub\AlgorithmStudy\Project1\소스.cpp(52,2): warning C4834: [[nodiscard]] 특성이 포함된 함수의 반환 값을 버리는 중입니다.
C:\Users\makeu\OneDrive\문서\GitHub\AlgorithmStudy\Project1\소스.cpp(59,13): error C2039: 'name': 'Player'의 멤버가 아닙니다.
      C:\Users\makeu\OneDrive\문서\GitHub\AlgorithmStudy\Project1\소스.cpp(7,8):
      'Player' 선언을 참조하십시오.
  
  코드를 생성하고 있습니다...
